#
# A fatal error has been detected by the Java Runtime Environment:
#
#  SIGSEGV (0xb) at pc=0x000000011e083173, pid=81149, tid=2571
#
# JRE version: Java(TM) SE Runtime Environment (8.0_05-b13) (build 1.8.0_05-b13)
# Java VM: Java HotSpot(TM) 64-Bit Server VM (25.5-b02 mixed mode bsd-amd64 compressed oops)
# Problematic frame:
# C  [libglass.dylib+0x1b173]  GlassScreenDidChangeScreenParameters+0x53
#
# Failed to write core dump. Core dumps have been disabled. To enable core dumping, try "ulimit -c unlimited" before starting Java again
#
# If you would like to submit a bug report, please visit:
#   http://bugreport.sun.com/bugreport/crash.jsp
#

---------------  T H R E A D  ---------------

Current thread is native thread

siginfo:si_signo=SIGSEGV: si_errno=0, si_code=1 (SEGV_MAPERR), si_addr=0x0000000000000000

Registers:
RAX=0x00007fd76b768d28, RBX=0x0000000000000000, RCX=0x000000011e0b5910, RDX=0x0000010000000100
RSP=0x00007fff5901b1f0, RBP=0x00007fff5901b200, RSI=0x00007fd76b606e08, RDI=0x0000000000000000
R8 =0x0000000000000040, R9 =0x00007fff7b78c1e0, R10=0xffffffffffffffff, R11=0x0000000000000246
R12=0x00007fd76b7cfb50, R13=0x00007fd76b73e900, R14=0x00007fd76b73e9c0, R15=0x0000000000000000
RIP=0x000000011e083173, EFLAGS=0x0000000000010206, ERR=0x0000000000000004
  TRAPNO=0x000000000000000e

Top of Stack: (sp=0x00007fff5901b1f0)
0x00007fff5901b1f0:   00007fff5901b200 00007fff5901b248
0x00007fff5901b200:   00007fff5901b210 00007fff99097bbc
0x00007fff5901b210:   00007fff5901b230 00007fff99097b4f
0x00007fff5901b220:   0000000000000000 0000000000000000
0x00007fff5901b230:   00007fff5901b2a0 00007fff99097ac7
0x00007fff5901b240:   00007fff7a5e59d0 00007fff7e30f0a0
0x00007fff5901b250:   0000000042000000 00007fff99097b10
0x00007fff5901b260:   00007fff7c83e720 00007fd76b73e900
0x00007fff5901b270:   00007fd76b7cfb50 00007fff5901ba48
0x00007fff5901b280:   00007fff7c96b780 00007fff5901ba48
0x00007fff5901b290:   00007fd76b73e900 00007fff994579e2
0x00007fff5901b2a0:   00007fff5901b2e0 00007fff99097832
0x00007fff5901b2b0:   00007fff5901b8c0 0000000000000000
0x00007fff5901b2c0:   00007fff7c96b780 00007fff5901ba48
0x00007fff5901b2d0:   00007fff9becf4c0 00007fff994579e2
0x00007fff5901b2e0:   00007fff5901b9f0 00007fff990545e2
0x00007fff5901b2f0:   00007fff5901b340 00007fff99fef3f8
0x00007fff5901b300:   00007fd76b79bfa0 00007fd76b504390
0x00007fff5901b310:   00007fd76b809048 00007fd76b7257e0
0x00007fff5901b320:   0000000000000000 00007fd76b73ea20
0x00007fff5901b330:   0000000000000000 0000000000000000
0x00007fff5901b340:   00007fff7c87bbc0 00007fff5901b8c0
0x00007fff5901b350:   0000000000000001 0000000000000100
0x00007fff5901b360:   0000000000001000 00007fff5901b7c0
0x00007fff5901b370:   0000000000000000 0000000000000100
0x00007fff5901b380:   00007fff5901b300 00007fff7c96b780
0x00007fff5901b390:   0000000000000000 00007fff7c83f500
0x00007fff5901b3a0:   00007fff7c96b780 0000000000000000
0x00007fff5901b3b0:   00007fff7c83f500 00007fd76b77a730
0x00007fff5901b3c0:   00007fd76b79bf00 0000000000000002
0x00007fff5901b3d0:   0000000000000000 00007fff9becf4c0
0x00007fff5901b3e0:   00007fff5901b5a0 00007fff8bdbe480 

Instructions: (pc=0x000000011e083173)
0x000000011e083153:   50 01 00 48 89 df ff 90 88 03 00 00 48 8d 0d a2
0x000000011e083163:   28 03 00 48 89 01 48 8d 0d a0 27 03 00 48 8b 31
0x000000011e083173:   48 8b 0b 48 89 df 48 89 c2 30 c0 ff 91 68 04 00
0x000000011e083183:   00 48 83 c4 08 5b 5d c3 0f 1f 44 00 00 55 48 89 

Register to memory mapping:

RAX=0x00007fd76b768d28 is an unknown value
RBX=0x0000000000000000 is an unknown value
RCX=0x000000011e0b5910: jScreenClass+0 in /Library/Java/JavaVirtualMachines/jdk1.8.0_05.jdk/Contents/Home/jre/lib/libglass.dylib at 0x000000011e068000
RDX=0x0000010000000100 is an unknown value
RSP=0x00007fff5901b1f0 is an unknown value
RBP=0x00007fff5901b200 is an unknown value
RSI=0x00007fd76b606e08 is a global jni handle
RDI=0x0000000000000000 is an unknown value
R8 =0x0000000000000040 is an unknown value
R9 =0x00007fff7b78c1e0: __sFX+0x1c0 in /usr/lib/system/libsystem_c.dylib at 0x00007fff90d0a000
R10=0xffffffffffffffff is an unknown value
R11=0x0000000000000246 is an unknown value
R12=0x00007fd76b7cfb50 is an unknown value
R13=0x00007fd76b73e900 is an unknown value
R14=0x00007fd76b73e9c0 is an unknown value
R15=0x0000000000000000 is an unknown value


Stack: [0x00007fff5881f000,0x00007fff5901f000],  sp=0x00007fff5901b1f0,  free space=8176k
Native frames: (J=compiled Java code, j=interpreted, Vv=VM code, C=native code)
C  [libglass.dylib+0x1b173]  GlassScreenDidChangeScreenParameters+0x53
C  [CoreFoundation+0xa0bbc]  __CFNOTIFICATIONCENTER_IS_CALLING_OUT_TO_AN_OBSERVER__+0xc
C  [CoreFoundation+0xa0b4f]  ___CFXRegistrationPost_block_invoke+0x3f
C  [CoreFoundation+0xa0ac7]  _CFXRegistrationPost+0x197
C  [CoreFoundation+0xa0832]  ___CFXNotificationPost_block_invoke+0x32
C  [CoreFoundation+0x5d5e2]  -[_CFXNotificationRegistrar find:object:observer:enumerator:]+0x782
C  [CoreFoundation+0x5c835]  _CFXNotificationPost+0x2b5
C  [Foundation+0x717a]  -[NSNotificationCenter postNotificationName:object:userInfo:]+0x42
C  [AppKit+0x41c08b]  -[NSApplication _reactToScreenInvalidationImmediately:]+0x17f
C  [AppKit+0x41bedc]  __44-[NSApplication _reactToScreenInvalidation:]_block_invoke+0x3b
C  [CoreFoundation+0xaa4ac]  __CFRUNLOOP_IS_CALLING_OUT_TO_A_BLOCK__+0xc
C  [CoreFoundation+0x89d05]  __CFRunLoopDoBlocks+0x155
C  [CoreFoundation+0x89a6b]  __CFRunLoopRun+0x92b
C  [CoreFoundation+0x88ed8]  CFRunLoopRunSpecific+0x128
C  [java+0x56cb]  CreateExecutionEnvironment+0x367
C  [java+0x166c]  JLI_Launch+0x7a0
C  [java+0x7689]  main+0x65
C  [java+0xec4]  start+0x34


---------------  P R O C E S S  ---------------

VM state:at safepoint (normal execution)

VM Mutex/Monitor currently owned by a thread:  ([mutex/lock_event])
[0x00007fd76b701ac0] Threads_lock - owner thread: 0x00007fd76d041000
[0x00007fd76b701fc0] Heap_lock - owner thread: 0x00007fd76b9c9000

Heap:
 PSYoungGen      total 15360K, used 4798K [0x00000007aab00000, 0x00000007abd00000, 0x00000007c0000000)
  eden space 12288K, 26% used [0x00000007aab00000,0x00000007aae3a620,0x00000007ab700000)
  from space 3072K, 48% used [0x00000007aba00000,0x00000007abb75428,0x00000007abd00000)
  to   space 3072K, 0% used [0x00000007ab700000,0x00000007ab700000,0x00000007aba00000)
 ParOldGen       total 64000K, used 7740K [0x0000000780000000, 0x0000000783e80000, 0x00000007aab00000)
  object space 64000K, 12% used [0x0000000780000000,0x000000078078f1a8,0x0000000783e80000)
 Metaspace       used 14756K, capacity 15004K, committed 15104K, reserved 1062912K
  class space    used 2153K, capacity 2228K, committed 2304K, reserved 1048576K

Card table byte_map: [0x00000001179c0000,0x0000000117bc1000] byte_map_base: 0x0000000113dc0000

Marking Bits: (ParMarkBitMap*) 0x00000001076c20a0
 Begin Bits: [0x0000000117d17000, 0x0000000118d17000)
 End Bits:   [0x0000000118d17000, 0x0000000119d17000)

Polling page: 0x0000000107d62000

CodeCache: size=245760Kb used=5088Kb max_used=5094Kb free=240671Kb
 bounds [0x0000000108600000, 0x0000000108b00000, 0x0000000117600000]
 total_blobs=2243 nmethods=1648 adapters=510
 compilation: enabled

Compilation events (10 events):
Event: 32.012 Thread 0x00007fd76b855000 1658       4       java.util.concurrent.locks.AbstractQueuedSynchronizer::release (33 bytes)
Event: 32.017 Thread 0x00007fd76b855000 nmethod 1658 0x0000000108af35d0 code [0x0000000108af3720, 0x0000000108af38c8]
Event: 32.783 Thread 0x00007fd76c006800 1659       4       java.util.WeakHashMap::entrySet (28 bytes)
Event: 32.785 Thread 0x00007fd76c006800 nmethod 1659 0x0000000108af32d0 code [0x0000000108af3420, 0x0000000108af3518]
Event: 33.453 Thread 0x00007fd76b855000 1660       4       java.util.WeakHashMap::put (162 bytes)
Event: 33.465 Thread 0x00007fd76b855000 nmethod 1660 0x0000000108afb450 code [0x0000000108afb5e0, 0x0000000108afba48]
Event: 34.041 Thread 0x00007fd76c006800 1661       4       java.lang.ref.ReferenceQueue$Lock::<init> (5 bytes)
Event: 34.041 Thread 0x00007fd76c006800 nmethod 1661 0x0000000108a7a350 code [0x0000000108a7a480, 0x0000000108a7a4d8]
Event: 34.508 Thread 0x00007fd76b855000 1662       4       java.util.WeakHashMap::putAll (133 bytes)
Event: 34.565 Thread 0x00007fd76b855000 nmethod 1662 0x0000000108afd890 code [0x0000000108afdac0, 0x0000000108afe5f0]

GC Heap History (10 events):
Event: 0.839 GC heap before
{Heap before GC invocations=6 (full 0):
 PSYoungGen      total 2560K, used 2528K [0x00000007aab00000, 0x00000007ab100000, 0x00000007c0000000)
  eden space 2048K, 100% used [0x00000007aab00000,0x00000007aad00000,0x00000007aad00000)
  from space 512K, 93% used [0x00000007aad00000,0x00000007aad78030,0x00000007aad80000)
  to   space 1024K, 0% used [0x00000007ab000000,0x00000007ab000000,0x00000007ab100000)
 ParOldGen       total 64000K, used 426K [0x0000000780000000, 0x0000000783e80000, 0x00000007aab00000)
  object space 64000K, 0% used [0x0000000780000000,0x000000078006abe0,0x0000000783e80000)
 Metaspace       used 5712K, capacity 6752K, committed 6912K, reserved 1056768K
  class space    used 680K, capacity 712K, committed 768K, reserved 1048576K
Event: 0.842 GC heap after
Heap after GC invocations=6 (full 0):
 PSYoungGen      total 5120K, used 1008K [0x00000007aab00000, 0x00000007ab100000, 0x00000007c0000000)
  eden space 4096K, 0% used [0x00000007aab00000,0x00000007aab00000,0x00000007aaf00000)
  from space 1024K, 98% used [0x00000007ab000000,0x00000007ab0fc030,0x00000007ab100000)
  to   space 1024K, 0% used [0x00000007aaf00000,0x00000007aaf00000,0x00000007ab000000)
 ParOldGen       total 64000K, used 521K [0x0000000780000000, 0x0000000783e80000, 0x00000007aab00000)
  object space 64000K, 0% used [0x0000000780000000,0x00000007800827c0,0x0000000783e80000)
 Metaspace       used 5712K, capacity 6752K, committed 6912K, reserved 1056768K
  class space    used 680K, capacity 712K, committed 768K, reserved 1048576K
}
Event: 2.608 GC heap before
{Heap before GC invocations=7 (full 0):
 PSYoungGen      total 5120K, used 5104K [0x00000007aab00000, 0x00000007ab100000, 0x00000007c0000000)
  eden space 4096K, 100% used [0x00000007aab00000,0x00000007aaf00000,0x00000007aaf00000)
  from space 1024K, 98% used [0x00000007ab000000,0x00000007ab0fc030,0x00000007ab100000)
  to   space 1024K, 0% used [0x00000007aaf00000,0x00000007aaf00000,0x00000007ab000000)
 ParOldGen       total 64000K, used 521K [0x0000000780000000, 0x0000000783e80000, 0x00000007aab00000)
  object space 64000K, 0% used [0x0000000780000000,0x00000007800827c0,0x0000000783e80000)
 Metaspace       used 8451K, capacity 8636K, committed 8832K, reserved 1056768K
  class space    used 1048K, capacity 1108K, committed 1152K, reserved 1048576K
Event: 2.613 GC heap after
Heap after GC invocations=7 (full 0):
 PSYoungGen      total 5120K, used 992K [0x00000007aab00000, 0x00000007ab700000, 0x00000007c0000000)
  eden space 4096K, 0% used [0x00000007aab00000,0x00000007aab00000,0x00000007aaf00000)
  from space 1024K, 96% used [0x00000007aaf00000,0x00000007aaff8010,0x00000007ab000000)
  to   space 2048K, 0% used [0x00000007ab500000,0x00000007ab500000,0x00000007ab700000)
 ParOldGen       total 64000K, used 1604K [0x0000000780000000, 0x0000000783e80000, 0x00000007aab00000)
  object space 64000K, 2% used [0x0000000780000000,0x0000000780191158,0x0000000783e80000)
 Metaspace       used 8451K, capacity 8636K, committed 8832K, reserved 1056768K
  class space    used 1048K, capacity 1108K, committed 1152K, reserved 1048576K
}
Event: 2.839 GC heap before
{Heap before GC invocations=8 (full 0):
 PSYoungGen      total 5120K, used 5088K [0x00000007aab00000, 0x00000007ab700000, 0x00000007c0000000)
  eden space 4096K, 100% used [0x00000007aab00000,0x00000007aaf00000,0x00000007aaf00000)
  from space 1024K, 96% used [0x00000007aaf00000,0x00000007aaff8010,0x00000007ab000000)
  to   space 2048K, 0% used [0x00000007ab500000,0x00000007ab500000,0x00000007ab700000)
 ParOldGen       total 64000K, used 1604K [0x0000000780000000, 0x0000000783e80000, 0x00000007aab00000)
  object space 64000K, 2% used [0x0000000780000000,0x0000000780191158,0x0000000783e80000)
 Metaspace       used 9636K, capacity 9756K, committed 9856K, reserved 1058816K
  class space    used 1279K, capacity 1332K, committed 1408K, reserved 1048576K
Event: 2.853 GC heap after
Heap after GC invocations=8 (full 0):
 PSYoungGen      total 9728K, used 1984K [0x00000007aab00000, 0x00000007ab800000, 0x00000007c0000000)
  eden space 7680K, 0% used [0x00000007aab00000,0x00000007aab00000,0x00000007ab280000)
  from space 2048K, 96% used [0x00000007ab500000,0x00000007ab6f0010,0x00000007ab700000)
  to   space 2560K, 0% used [0x00000007ab280000,0x00000007ab280000,0x00000007ab500000)
 ParOldGen       total 64000K, used 1740K [0x0000000780000000, 0x0000000783e80000, 0x00000007aab00000)
  object space 64000K, 2% used [0x0000000780000000,0x00000007801b3158,0x0000000783e80000)
 Metaspace       used 9636K, capacity 9756K, committed 9856K, reserved 1058816K
  class space    used 1279K, capacity 1332K, committed 1408K, reserved 1048576K
}
Event: 3.362 GC heap before
{Heap before GC invocations=9 (full 0):
 PSYoungGen      total 9728K, used 9664K [0x00000007aab00000, 0x00000007ab800000, 0x00000007c0000000)
  eden space 7680K, 100% used [0x00000007aab00000,0x00000007ab280000,0x00000007ab280000)
  from space 2048K, 96% used [0x00000007ab500000,0x00000007ab6f0010,0x00000007ab700000)
  to   space 2560K, 0% used [0x00000007ab280000,0x00000007ab280000,0x00000007ab500000)
 ParOldGen       total 64000K, used 1740K [0x0000000780000000, 0x0000000783e80000, 0x00000007aab00000)
  object space 64000K, 2% used [0x0000000780000000,0x00000007801b3158,0x0000000783e80000)
 Metaspace       used 12315K, capacity 12476K, committed 12672K, reserved 1060864K
  class space    used 1754K, capacity 1812K, committed 1920K, reserved 1048576K
Event: 3.367 GC heap after
Heap after GC invocations=9 (full 0):
 PSYoungGen      total 10240K, used 2544K [0x00000007aab00000, 0x00000007abd00000, 0x00000007c0000000)
  eden space 7680K, 0% used [0x00000007aab00000,0x00000007aab00000,0x00000007ab280000)
  from space 2560K, 99% used [0x00000007ab280000,0x00000007ab4fc010,0x00000007ab500000)
  to   space 3072K, 0% used [0x00000007aba00000,0x00000007aba00000,0x00000007abd00000)
 ParOldGen       total 64000K, used 1948K [0x0000000780000000, 0x0000000783e80000, 0x00000007aab00000)
  object space 64000K, 3% used [0x0000000780000000,0x00000007801e7168,0x0000000783e80000)
 Metaspace       used 12315K, capacity 12476K, committed 12672K, reserved 1060864K
  class space    used 1754K, capacity 1812K, committed 1920K, reserved 1048576K
}
Event: 4.445 GC heap before
{Heap before GC invocations=10 (full 0):
 PSYoungGen      total 10240K, used 10224K [0x00000007aab00000, 0x00000007abd00000, 0x00000007c0000000)
  eden space 7680K, 100% used [0x00000007aab00000,0x00000007ab280000,0x00000007ab280000)
  from space 2560K, 99% used [0x00000007ab280000,0x00000007ab4fc010,0x00000007ab500000)
  to   space 3072K, 0% used [0x00000007aba00000,0x00000007aba00000,0x00000007abd00000)
 ParOldGen       total 64000K, used 1948K [0x0000000780000000, 0x0000000783e80000, 0x00000007aab00000)
  object space 64000K, 3% used [0x0000000780000000,0x00000007801e7168,0x0000000783e80000)
 Metaspace       used 14215K, capacity 14364K, committed 14464K, reserved 1060864K
  class space    used 2113K, capacity 2164K, committed 2176K, reserved 1048576K
Event: 4.466 GC heap after
Heap after GC invocations=10 (full 0):
 PSYoungGen      total 15360K, used 1493K [0x00000007aab00000, 0x00000007abd00000, 0x00000007c0000000)
  eden space 12288K, 0% used [0x00000007aab00000,0x00000007aab00000,0x00000007ab700000)
  from space 3072K, 48% used [0x00000007aba00000,0x00000007abb75428,0x00000007abd00000)
  to   space 3072K, 0% used [0x00000007ab700000,0x00000007ab700000,0x00000007aba00000)
 ParOldGen       total 64000K, used 7740K [0x0000000780000000, 0x0000000783e80000, 0x00000007aab00000)
  object space 64000K, 12% used [0x0000000780000000,0x000000078078f1a8,0x0000000783e80000)
 Metaspace       used 14215K, capacity 14364K, committed 14464K, reserved 1060864K
  class space    used 2113K, capacity 2164K, committed 2176K, reserved 1048576K
}

Deoptimization events (10 events):
Event: 3.219 Thread 0x00007fd76c8cd000 Uncommon trap: reason=class_check action=maybe_recompile pc=0x000000010872e058 method=java.lang.String.equals(Ljava/lang/Object;)Z @ 8
Event: 3.219 Thread 0x00007fd76c8cd000 Uncommon trap: reason=class_check action=maybe_recompile pc=0x000000010872e058 method=java.lang.String.equals(Ljava/lang/Object;)Z @ 8
Event: 3.372 Thread 0x00007fd76c8cd000 Uncommon trap: reason=class_check action=maybe_recompile pc=0x00000001089033fc method=com.sun.javafx.css.StyleMap.getCascadingStyles()Ljava/util/Map; @ 77
Event: 3.389 Thread 0x00007fd76c8cd000 Uncommon trap: reason=class_check action=maybe_recompile pc=0x00000001089033fc method=com.sun.javafx.css.StyleMap.getCascadingStyles()Ljava/util/Map; @ 77
Event: 3.390 Thread 0x00007fd76c8cd000 Uncommon trap: reason=class_check action=maybe_recompile pc=0x00000001089033fc method=com.sun.javafx.css.StyleMap.getCascadingStyles()Ljava/util/Map; @ 77
Event: 3.398 Thread 0x00007fd76c8cd000 Uncommon trap: reason=class_check action=maybe_recompile pc=0x00000001089033fc method=com.sun.javafx.css.StyleMap.getCascadingStyles()Ljava/util/Map; @ 77
Event: 7.205 Thread 0x00007fd76c098800 Uncommon trap: reason=class_check action=maybe_recompile pc=0x0000000108a7e584 method=com.sun.javafx.sg.prism.NGNode.doRender(Lcom/sun/prism/Graphics;)V @ 5
Event: 7.205 Thread 0x00007fd76c098800 Uncommon trap: reason=class_check action=maybe_recompile pc=0x0000000108a7e584 method=com.sun.javafx.sg.prism.NGNode.doRender(Lcom/sun/prism/Graphics;)V @ 5
Event: 7.205 Thread 0x00007fd76c098800 Uncommon trap: reason=class_check action=maybe_recompile pc=0x0000000108a7e584 method=com.sun.javafx.sg.prism.NGNode.doRender(Lcom/sun/prism/Graphics;)V @ 5
Event: 7.205 Thread 0x00007fd76c098800 Uncommon trap: reason=class_check action=maybe_recompile pc=0x0000000108a7e584 method=com.sun.javafx.sg.prism.NGNode.doRender(Lcom/sun/prism/Graphics;)V @ 5

Internal exceptions (10 events):
Event: 2.898 Thread 0x00007fd76c8cd000 Exception <a 'java/security/PrivilegedActionException'> (0x00000007aabecd80) thrown at [/HUDSON/workspace/8-2-build-macosx-x86_64/jdk8u5/2488/hotspot/src/share/vm/prims/jvm.cpp, line 1248]
Event: 2.900 Thread 0x00007fd76c8cd000 Exception <a 'java/security/PrivilegedActionException'> (0x00000007aac02f70) thrown at [/HUDSON/workspace/8-2-build-macosx-x86_64/jdk8u5/2488/hotspot/src/share/vm/prims/jvm.cpp, line 1248]
Event: 2.904 Thread 0x00007fd76c8cd000 Exception <a 'java/security/PrivilegedActionException'> (0x00000007aac24b60) thrown at [/HUDSON/workspace/8-2-build-macosx-x86_64/jdk8u5/2488/hotspot/src/share/vm/prims/jvm.cpp, line 1248]
Event: 3.279 Thread 0x00007fd76c8cd000 Exception <a 'java/security/PrivilegedActionException'> (0x00000007ab1761e8) thrown at [/HUDSON/workspace/8-2-build-macosx-x86_64/jdk8u5/2488/hotspot/src/share/vm/prims/jvm.cpp, line 1248]
Event: 3.284 Thread 0x00007fd76c8cd000 Exception <a 'java/security/PrivilegedActionException'> (0x00000007ab18a6e8) thrown at [/HUDSON/workspace/8-2-build-macosx-x86_64/jdk8u5/2488/hotspot/src/share/vm/prims/jvm.cpp, line 1248]
Event: 3.286 Thread 0x00007fd76c8cd000 Exception <a 'java/security/PrivilegedActionException'> (0x00000007ab1a6d88) thrown at [/HUDSON/workspace/8-2-build-macosx-x86_64/jdk8u5/2488/hotspot/src/share/vm/prims/jvm.cpp, line 1248]
Event: 3.616 Thread 0x00007fd76c8cd000 Exception <a 'java/security/PrivilegedActionException'> (0x00000007aae53f08) thrown at [/HUDSON/workspace/8-2-build-macosx-x86_64/jdk8u5/2488/hotspot/src/share/vm/prims/jvm.cpp, line 1248]
Event: 4.720 Thread 0x00007fd76c8cd000 Exception <a 'java/security/PrivilegedActionException'> (0x00000007aab54458) thrown at [/HUDSON/workspace/8-2-build-macosx-x86_64/jdk8u5/2488/hotspot/src/share/vm/prims/jvm.cpp, line 1248]
Event: 4.728 Thread 0x00007fd76c34e000 Exception <a 'java/security/PrivilegedActionException'> (0x00000007aab88608) thrown at [/HUDSON/workspace/8-2-build-macosx-x86_64/jdk8u5/2488/hotspot/src/share/vm/prims/jvm.cpp, line 1248]
Event: 6.638 Thread 0x00007fd76c8cd000 Exception <a 'java/security/PrivilegedActionException'> (0x00000007aabe2a48) thrown at [/HUDSON/workspace/8-2-build-macosx-x86_64/jdk8u5/2488/hotspot/src/share/vm/prims/jvm.cpp, line 1248]

Events (10 events):
Event: 40.655 Thread 0x00007fd76c8cd000 Thread exited: 0x00007fd76c8cd000
Event: 40.655 Thread 0x00007fd76b8da800 Thread exited: 0x00007fd76b8da800
Event: 40.655 Thread 0x00007fd76c098800 Thread exited: 0x00007fd76c098800
Event: 40.656 Thread 0x00007fd76c801000 Thread exited: 0x00007fd76c801000
Event: 40.656 Thread 0x00007fd76b9c9000 Thread added: 0x00007fd76b9c9000
Event: 40.656 loading class java/lang/Shutdown
Event: 40.657 loading class java/lang/Shutdown done
Event: 40.657 loading class java/lang/Shutdown$Lock
Event: 40.657 loading class java/lang/Shutdown$Lock done
Event: 40.657 Thread 0x00007fd76b9c9000 Thread exited: 0x00007fd76b9c9000


Dynamic libraries:
0x000000000a243000 	/System/Library/Frameworks/Cocoa.framework/Versions/A/Cocoa
0x000000000a243000 	/System/Library/Frameworks/Security.framework/Versions/A/Security
0x000000000a243000 	/System/Library/Frameworks/ApplicationServices.framework/Versions/A/ApplicationServices
0x000000000a243000 	/usr/lib/libz.1.dylib
0x000000000a243000 	/usr/lib/libSystem.B.dylib
0x000000000a243000 	/usr/lib/libobjc.A.dylib
0x000000000a243000 	/System/Library/Frameworks/CoreFoundation.framework/Versions/A/CoreFoundation
0x000000000a243000 	/System/Library/Frameworks/Foundation.framework/Versions/C/Foundation
0x000000000a243000 	/System/Library/Frameworks/AppKit.framework/Versions/C/AppKit
0x000000000a243000 	/System/Library/Frameworks/CoreData.framework/Versions/A/CoreData
0x000000000a243000 	/System/Library/PrivateFrameworks/RemoteViewServices.framework/Versions/A/RemoteViewServices
0x000000000a243000 	/System/Library/PrivateFrameworks/UIFoundation.framework/Versions/A/UIFoundation
0x000000000a243000 	/usr/lib/libScreenReader.dylib
0x000000000a243000 	/System/Library/Frameworks/Accelerate.framework/Versions/A/Accelerate
0x000000000a243000 	/System/Library/Frameworks/IOSurface.framework/Versions/A/IOSurface
0x000000000a243000 	/System/Library/Frameworks/AudioToolbox.framework/Versions/A/AudioToolbox
0x000000000a243000 	/System/Library/Frameworks/AudioUnit.framework/Versions/A/AudioUnit
0x000000000a243000 	/System/Library/PrivateFrameworks/DataDetectorsCore.framework/Versions/A/DataDetectorsCore
0x000000000a243000 	/System/Library/PrivateFrameworks/DesktopServicesPriv.framework/Versions/A/DesktopServicesPriv
0x000000000a243000 	/System/Library/Frameworks/Carbon.framework/Versions/A/Frameworks/HIToolbox.framework/Versions/A/HIToolbox
0x000000000a243000 	/System/Library/Frameworks/QuartzCore.framework/Versions/A/QuartzCore
0x000000000a243000 	/System/Library/Frameworks/Carbon.framework/Versions/A/Frameworks/SpeechRecognition.framework/Versions/A/SpeechRecognition
0x000000000a243000 	/usr/lib/libauto.dylib
0x000000000a243000 	/usr/lib/libicucore.A.dylib
0x000000000a243000 	/usr/lib/libxml2.2.dylib
0x000000000a243000 	/System/Library/PrivateFrameworks/CoreUI.framework/Versions/A/CoreUI
0x000000000a243000 	/System/Library/Frameworks/CoreAudio.framework/Versions/A/CoreAudio
0x000000000a243000 	/System/Library/Frameworks/DiskArbitration.framework/Versions/A/DiskArbitration
0x000000000a243000 	/usr/lib/liblangid.dylib
0x000000000a243000 	/System/Library/PrivateFrameworks/MultitouchSupport.framework/Versions/A/MultitouchSupport
0x000000000a243000 	/System/Library/Frameworks/IOKit.framework/Versions/A/IOKit
0x000000000a243000 	/usr/lib/libDiagnosticMessagesClient.dylib
0x000000000a243000 	/System/Library/Frameworks/CoreServices.framework/Versions/A/CoreServices
0x000000000a243000 	/System/Library/PrivateFrameworks/PerformanceAnalysis.framework/Versions/A/PerformanceAnalysis
0x000000000a243000 	/System/Library/PrivateFrameworks/GenerationalStorage.framework/Versions/A/GenerationalStorage
0x000000000a243000 	/System/Library/Frameworks/OpenGL.framework/Versions/A/OpenGL
0x000000000a243000 	/System/Library/PrivateFrameworks/Sharing.framework/Versions/A/Sharing
0x000000000a243000 	/System/Library/Frameworks/CoreGraphics.framework/Versions/A/CoreGraphics
0x000000000a243000 	/System/Library/Frameworks/CoreImage.framework/Versions/A/CoreImage
0x000000000a243000 	/System/Library/Frameworks/CoreText.framework/Versions/A/CoreText
0x000000000a243000 	/System/Library/Frameworks/ImageIO.framework/Versions/A/ImageIO
0x000000000a243000 	/System/Library/PrivateFrameworks/Backup.framework/Versions/A/Backup
0x000000000a243000 	/usr/lib/libextension.dylib
0x000000000a243000 	/usr/lib/libarchive.2.dylib
0x000000000a243000 	/System/Library/Frameworks/CFNetwork.framework/Versions/A/CFNetwork
0x000000000a243000 	/System/Library/Frameworks/SystemConfiguration.framework/Versions/A/SystemConfiguration
0x000000000a243000 	/usr/lib/libCRFSuite.dylib
0x000000000a243000 	/usr/lib/libc++.1.dylib
0x000000000a243000 	/usr/lib/libc++abi.dylib
0x000000000a243000 	/usr/lib/system/libcache.dylib
0x000000000a243000 	/usr/lib/system/libcommonCrypto.dylib
0x000000000a243000 	/usr/lib/system/libcompiler_rt.dylib
0x000000000a243000 	/usr/lib/system/libcopyfile.dylib
0x000000000a243000 	/usr/lib/system/libcorecrypto.dylib
0x000000000a243000 	/usr/lib/system/libdispatch.dylib
0x000000000a243000 	/usr/lib/system/libdyld.dylib
0x000000000a243000 	/usr/lib/system/libkeymgr.dylib
0x000000000a243000 	/usr/lib/system/liblaunch.dylib
0x000000000a243000 	/usr/lib/system/libmacho.dylib
0x000000000a243000 	/usr/lib/system/libquarantine.dylib
0x000000000a243000 	/usr/lib/system/libremovefile.dylib
0x000000000a243000 	/usr/lib/system/libsystem_asl.dylib
0x000000000a243000 	/usr/lib/system/libsystem_blocks.dylib
0x000000000a243000 	/usr/lib/system/libsystem_c.dylib
0x000000000a243000 	/usr/lib/system/libsystem_configuration.dylib
0x000000000a243000 	/usr/lib/system/libsystem_coreservices.dylib
0x000000000a243000 	/usr/lib/system/libsystem_coretls.dylib
0x000000000a243000 	/usr/lib/system/libsystem_dnssd.dylib
0x000000000a243000 	/usr/lib/system/libsystem_info.dylib
0x000000000a243000 	/usr/lib/system/libsystem_kernel.dylib
0x000000000a243000 	/usr/lib/system/libsystem_m.dylib
0x000000000a243000 	/usr/lib/system/libsystem_malloc.dylib
0x000000000a243000 	/usr/lib/system/libsystem_network.dylib
0x000000000a243000 	/usr/lib/system/libsystem_networkextension.dylib
0x000000000a243000 	/usr/lib/system/libsystem_notify.dylib
0x000000000a243000 	/usr/lib/system/libsystem_platform.dylib
0x000000000a243000 	/usr/lib/system/libsystem_pthread.dylib
0x000000000a243000 	/usr/lib/system/libsystem_sandbox.dylib
0x000000000a243000 	/usr/lib/system/libsystem_secinit.dylib
0x000000000a243000 	/usr/lib/system/libsystem_trace.dylib
0x000000000a243000 	/usr/lib/system/libunc.dylib
0x000000000a243000 	/usr/lib/system/libunwind.dylib
0x000000000a243000 	/usr/lib/system/libxpc.dylib
0x000000000a243000 	/usr/lib/libenergytrace.dylib
0x000000000a243000 	/usr/lib/libbsm.0.dylib
0x000000000a243000 	/usr/lib/system/libkxld.dylib
0x000000000a243000 	/usr/lib/libxar.1.dylib
0x000000000a243000 	/usr/lib/libsqlite3.dylib
0x000000000a243000 	/usr/lib/libpam.2.dylib
0x000000000a243000 	/usr/lib/libOpenScriptingUtil.dylib
0x000000000a243000 	/usr/lib/libbz2.1.0.dylib
0x000000000a243000 	/usr/lib/liblzma.5.dylib
0x000000000a243000 	/System/Library/Frameworks/CoreServices.framework/Versions/A/Frameworks/FSEvents.framework/Versions/A/FSEvents
0x000000000a243000 	/System/Library/Frameworks/CoreServices.framework/Versions/A/Frameworks/CarbonCore.framework/Versions/A/CarbonCore
0x000000000a243000 	/System/Library/Frameworks/CoreServices.framework/Versions/A/Frameworks/Metadata.framework/Versions/A/Metadata
0x000000000a243000 	/System/Library/Frameworks/CoreServices.framework/Versions/A/Frameworks/OSServices.framework/Versions/A/OSServices
0x000000000a243000 	/System/Library/Frameworks/CoreServices.framework/Versions/A/Frameworks/SearchKit.framework/Versions/A/SearchKit
0x000000000a243000 	/System/Library/Frameworks/CoreServices.framework/Versions/A/Frameworks/AE.framework/Versions/A/AE
0x000000000a243000 	/System/Library/Frameworks/CoreServices.framework/Versions/A/Frameworks/LaunchServices.framework/Versions/A/LaunchServices
0x000000000a243000 	/System/Library/Frameworks/CoreServices.framework/Versions/A/Frameworks/DictionaryServices.framework/Versions/A/DictionaryServices
0x000000000a243000 	/System/Library/Frameworks/CoreServices.framework/Versions/A/Frameworks/SharedFileList.framework/Versions/A/SharedFileList
0x000000000a243000 	/System/Library/Frameworks/NetFS.framework/Versions/A/NetFS
0x000000000a243000 	/System/Library/PrivateFrameworks/NetAuth.framework/Versions/A/NetAuth
0x000000000a243000 	/System/Library/PrivateFrameworks/login.framework/Versions/A/Frameworks/loginsupport.framework/Versions/A/loginsupport
0x000000000a243000 	/System/Library/PrivateFrameworks/TCC.framework/Versions/A/TCC
0x000000000a243000 	/usr/lib/libmecabra.dylib
0x000000000a243000 	/System/Library/Frameworks/ApplicationServices.framework/Versions/A/Frameworks/ATS.framework/Versions/A/ATS
0x000000000a243000 	/System/Library/Frameworks/ApplicationServices.framework/Versions/A/Frameworks/ColorSync.framework/Versions/A/ColorSync
0x000000000a243000 	/System/Library/Frameworks/ApplicationServices.framework/Versions/A/Frameworks/HIServices.framework/Versions/A/HIServices
0x000000000a243000 	/System/Library/Frameworks/ApplicationServices.framework/Versions/A/Frameworks/LangAnalysis.framework/Versions/A/LangAnalysis
0x000000000a243000 	/System/Library/Frameworks/ApplicationServices.framework/Versions/A/Frameworks/PrintCore.framework/Versions/A/PrintCore
0x000000000a243000 	/System/Library/Frameworks/ApplicationServices.framework/Versions/A/Frameworks/QD.framework/Versions/A/QD
0x000000000a243000 	/System/Library/Frameworks/ApplicationServices.framework/Versions/A/Frameworks/SpeechSynthesis.framework/Versions/A/SpeechSynthesis
0x000000000a243000 	/System/Library/Frameworks/Metal.framework/Versions/A/Metal
0x000000000a243000 	/System/Library/Frameworks/Accelerate.framework/Versions/A/Frameworks/vImage.framework/Versions/A/vImage
0x000000000a243000 	/System/Library/Frameworks/Accelerate.framework/Versions/A/Frameworks/vecLib.framework/Versions/A/vecLib
0x000000000a243000 	/System/Library/Frameworks/Accelerate.framework/Versions/A/Frameworks/vecLib.framework/Versions/A/libvDSP.dylib
0x000000000a243000 	/System/Library/Frameworks/Accelerate.framework/Versions/A/Frameworks/vecLib.framework/Versions/A/libvMisc.dylib
0x000000000a243000 	/System/Library/Frameworks/Accelerate.framework/Versions/A/Frameworks/vecLib.framework/Versions/A/libLAPACK.dylib
0x000000000a243000 	/System/Library/Frameworks/Accelerate.framework/Versions/A/Frameworks/vecLib.framework/Versions/A/libBLAS.dylib
0x000000000a243000 	/System/Library/Frameworks/Accelerate.framework/Versions/A/Frameworks/vecLib.framework/Versions/A/libLinearAlgebra.dylib
0x000000000a243000 	/System/Library/Frameworks/Accelerate.framework/Versions/A/Frameworks/vecLib.framework/Versions/A/libSparseBLAS.dylib
0x000000000a243000 	/System/Library/PrivateFrameworks/GPUCompiler.framework/libmetal_timestamp.dylib
0x000000000a243000 	/System/Library/Frameworks/OpenGL.framework/Versions/A/Libraries/libCoreFSCache.dylib
0x000000000a243000 	/System/Library/PrivateFrameworks/IOAccelerator.framework/Versions/A/IOAccelerator
0x000000000a243000 	/System/Library/Frameworks/ApplicationServices.framework/Versions/A/Frameworks/ATS.framework/Versions/A/Resources/libFontParser.dylib
0x000000000a243000 	/System/Library/Frameworks/ApplicationServices.framework/Versions/A/Frameworks/ATS.framework/Versions/A/Resources/libFontRegistry.dylib
0x000000000a243000 	/System/Library/PrivateFrameworks/AppleVPA.framework/Versions/A/AppleVPA
0x000000000a243000 	/System/Library/PrivateFrameworks/AppleJPEG.framework/Versions/A/AppleJPEG
0x000000000a243000 	/System/Library/Frameworks/ImageIO.framework/Versions/A/Resources/libJPEG.dylib
0x000000000a243000 	/System/Library/Frameworks/ImageIO.framework/Versions/A/Resources/libTIFF.dylib
0x000000000a243000 	/System/Library/Frameworks/ImageIO.framework/Versions/A/Resources/libPng.dylib
0x000000000a243000 	/System/Library/Frameworks/ImageIO.framework/Versions/A/Resources/libGIF.dylib
0x000000000a243000 	/System/Library/Frameworks/ImageIO.framework/Versions/A/Resources/libJP2.dylib
0x000000000a243000 	/System/Library/Frameworks/ImageIO.framework/Versions/A/Resources/libRadiance.dylib
0x000000000a243000 	/System/Library/Frameworks/CoreVideo.framework/Versions/A/CoreVideo
0x000000000a243000 	/System/Library/Frameworks/OpenGL.framework/Versions/A/Libraries/libGLU.dylib
0x000000000a243000 	/System/Library/Frameworks/OpenGL.framework/Versions/A/Libraries/libGFXShared.dylib
0x000000000a243000 	/System/Library/Frameworks/OpenGL.framework/Versions/A/Libraries/libGL.dylib
0x000000000a243000 	/System/Library/Frameworks/OpenGL.framework/Versions/A/Libraries/libGLImage.dylib
0x000000000a243000 	/System/Library/Frameworks/OpenGL.framework/Versions/A/Libraries/libCVMSPluginSupport.dylib
0x000000000a243000 	/System/Library/Frameworks/OpenGL.framework/Versions/A/Libraries/libCoreVMClient.dylib
0x000000000a243000 	/usr/lib/libcompression.dylib
0x000000000a243000 	/usr/lib/libcups.2.dylib
0x000000000a243000 	/System/Library/Frameworks/Kerberos.framework/Versions/A/Kerberos
0x000000000a243000 	/System/Library/Frameworks/GSS.framework/Versions/A/GSS
0x000000000a243000 	/usr/lib/libresolv.9.dylib
0x000000000a243000 	/usr/lib/libiconv.2.dylib
0x000000000a243000 	/System/Library/PrivateFrameworks/Heimdal.framework/Versions/A/Heimdal
0x000000000a243000 	/usr/lib/libheimdal-asn1.dylib
0x000000000a243000 	/System/Library/Frameworks/OpenDirectory.framework/Versions/A/OpenDirectory
0x000000000a243000 	/System/Library/PrivateFrameworks/CommonAuth.framework/Versions/A/CommonAuth
0x000000000a243000 	/System/Library/Frameworks/OpenDirectory.framework/Versions/A/Frameworks/CFOpenDirectory.framework/Versions/A/CFOpenDirectory
0x000000000a243000 	/System/Library/Frameworks/SecurityFoundation.framework/Versions/A/SecurityFoundation
0x000000000a243000 	/System/Library/PrivateFrameworks/LanguageModeling.framework/Versions/A/LanguageModeling
0x000000000a243000 	/usr/lib/libmarisa.dylib
0x000000000a243000 	/usr/lib/libChineseTokenizer.dylib
0x000000000a243000 	/usr/lib/libcmph.dylib
0x000000000a243000 	/System/Library/Frameworks/ServiceManagement.framework/Versions/A/ServiceManagement
0x000000000a243000 	/usr/lib/libxslt.1.dylib
0x000000000a243000 	/System/Library/Frameworks/Carbon.framework/Versions/A/Frameworks/Ink.framework/Versions/A/Ink
0x000000000a243000 	/usr/lib/libFosl_dynamic.dylib
0x000000000a243000 	/System/Library/PrivateFrameworks/FaceCore.framework/Versions/A/FaceCore
0x000000000a243000 	/System/Library/Frameworks/OpenCL.framework/Versions/A/OpenCL
0x000000000a243000 	/System/Library/PrivateFrameworks/CrashReporterSupport.framework/Versions/A/CrashReporterSupport
0x000000000a243000 	/System/Library/PrivateFrameworks/IconServices.framework/Versions/A/IconServices
0x000000000a243000 	/System/Library/PrivateFrameworks/Apple80211.framework/Versions/A/Apple80211
0x000000000a243000 	/System/Library/Frameworks/CoreWLAN.framework/Versions/A/CoreWLAN
0x000000000a243000 	/System/Library/Frameworks/IOBluetooth.framework/Versions/A/IOBluetooth
0x000000000a243000 	/System/Library/PrivateFrameworks/CoreWiFi.framework/Versions/A/CoreWiFi
0x000000000a243000 	/System/Library/Frameworks/CoreBluetooth.framework/Versions/A/CoreBluetooth
0x000000000a243000 	/System/Library/PrivateFrameworks/ChunkingLibrary.framework/Versions/A/ChunkingLibrary
0x000000000a243000 	/System/Library/PrivateFrameworks/DebugSymbols.framework/Versions/A/DebugSymbols
0x000000000a243000 	/System/Library/PrivateFrameworks/CoreSymbolication.framework/Versions/A/CoreSymbolication
0x000000000a243000 	/System/Library/PrivateFrameworks/Symbolication.framework/Versions/A/Symbolication
0x000000000a243000 	/System/Library/PrivateFrameworks/SpeechRecognitionCore.framework/Versions/A/SpeechRecognitionCore
0x0000000106e5c000 	/Library/Java/JavaVirtualMachines/jdk1.8.0_05.jdk/Contents/Home/jre/lib/server/libjvm.dylib
0x000000000a243000 	/usr/lib/libstdc++.6.dylib
0x0000000107d20000 	/Library/Java/JavaVirtualMachines/jdk1.8.0_05.jdk/Contents/Home/jre/lib/libverify.dylib
0x0000000107d2e000 	/Library/Java/JavaVirtualMachines/jdk1.8.0_05.jdk/Contents/Home/jre/lib/libjava.dylib
0x0000000107d6c000 	/Library/Java/JavaVirtualMachines/jdk1.8.0_05.jdk/Contents/Home/jre/lib/libzip.dylib
0x000000011b97a000 	/System/Library/Frameworks/JavaVM.framework/Frameworks/JavaRuntimeSupport.framework/JavaRuntimeSupport
0x000000011b995000 	/System/Library/Frameworks/JavaVM.framework/Versions/A/Frameworks/JavaNativeFoundation.framework/Versions/A/JavaNativeFoundation
0x0000000107df2000 	/System/Library/Frameworks/JavaVM.framework/Versions/A/JavaVM
0x000000000a243000 	/System/Library/Frameworks/Carbon.framework/Versions/A/Carbon
0x000000011b9aa000 	/System/Library/PrivateFrameworks/JavaLaunching.framework/Versions/A/JavaLaunching
0x000000000a243000 	/System/Library/Frameworks/Carbon.framework/Versions/A/Frameworks/CommonPanels.framework/Versions/A/CommonPanels
0x000000000a243000 	/System/Library/Frameworks/Carbon.framework/Versions/A/Frameworks/Help.framework/Versions/A/Help
0x000000000a243000 	/System/Library/Frameworks/Carbon.framework/Versions/A/Frameworks/ImageCapture.framework/Versions/A/ImageCapture
0x000000000a243000 	/System/Library/Frameworks/Carbon.framework/Versions/A/Frameworks/OpenScripting.framework/Versions/A/OpenScripting
0x000000000a243000 	/System/Library/Frameworks/Carbon.framework/Versions/A/Frameworks/Print.framework/Versions/A/Print
0x000000000a243000 	/System/Library/Frameworks/Carbon.framework/Versions/A/Frameworks/SecurityHI.framework/Versions/A/SecurityHI
0x000000011d3e8000 	/Applications/IntelliJ IDEA CE.app/Contents/bin/libbreakgen64.jnilib
0x000000011d3eb000 	/Library/Java/JavaVirtualMachines/jdk1.8.0_05.jdk/Contents/Home/jre/lib/libnet.dylib
0x000000011d4ee000 	/Library/Java/JavaVirtualMachines/jdk1.8.0_05.jdk/Contents/Home/jre/lib/libprism_es2.dylib
0x000000000a243000 	/System/Library/Frameworks/OpenGL.framework/Versions/A/Resources/GLEngine.bundle/GLEngine
0x000000000a243000 	/System/Library/Frameworks/OpenGL.framework/Versions/A/Libraries/libGLProgrammability.dylib
0x000000011d56f000 	/System/Library/Extensions/AppleIntelHD4000GraphicsGLDriver.bundle/Contents/MacOS/AppleIntelHD4000GraphicsGLDriver
0x000000000a243000 	/System/Library/PrivateFrameworks/GPUSupport.framework/Versions/A/Libraries/libGPUSupportMercury.dylib
0x000000000a243000 	/System/Library/Frameworks/OpenGL.framework/Versions/A/Resources/GLRendererFloat.bundle/GLRendererFloat
0x000000000a243000 	/System/Library/Frameworks/OpenCL.framework/Versions/A/Libraries/libcldcpuengine.dylib
0x000000000a243000 	/System/Library/PrivateFrameworks/DiskImages.framework/Versions/A/DiskImages
0x000000000a243000 	/System/Library/Frameworks/DiscRecording.framework/Versions/A/DiscRecording
0x000000000a243000 	/usr/lib/libcsfde.dylib
0x000000000a243000 	/usr/lib/libcurl.4.dylib
0x000000000a243000 	/System/Library/PrivateFrameworks/MediaKit.framework/Versions/A/MediaKit
0x000000000a243000 	/System/Library/PrivateFrameworks/ProtectedCloudStorage.framework/Versions/A/ProtectedCloudStorage
0x000000000a243000 	/usr/lib/libCoreStorage.dylib
0x000000000a243000 	/System/Library/PrivateFrameworks/EFILogin.framework/Versions/A/EFILogin
0x000000000a243000 	/usr/lib/libutil.dylib
0x000000000a243000 	/System/Library/PrivateFrameworks/FindMyDevice.framework/Versions/A/FindMyDevice
0x000000000a243000 	/System/Library/Frameworks/LDAP.framework/Versions/A/LDAP
0x000000000a243000 	/usr/lib/libsasl2.2.dylib
0x000000000a243000 	/System/Library/PrivateFrameworks/CoreDaemon.framework/Versions/B/CoreDaemon
0x000000000a243000 	/usr/lib/libcrypto.0.9.8.dylib
0x000000000a243000 	/System/Library/PrivateFrameworks/AppleSRP.framework/Versions/A/AppleSRP
0x000000000a243000 	/System/Library/PrivateFrameworks/TrustEvaluationAgent.framework/Versions/A/TrustEvaluationAgent
0x000000011e068000 	/Library/Java/JavaVirtualMachines/jdk1.8.0_05.jdk/Contents/Home/jre/lib/libglass.dylib
0x000000000a243000 	/System/Library/PrivateFrameworks/CoreServicesInternal.framework/Versions/A/CoreServicesInternal
0x000000000a243000 	/System/Library/CoreServices/RawCamera.bundle/Contents/MacOS/RawCamera
0x000000000a243000 	/System/Library/Frameworks/CoreGraphics.framework/Versions/A/Resources/libRIP.A.dylib
0x000000000a243000 	/System/Library/Frameworks/Accelerate.framework/Versions/A/Frameworks/vImage.framework/Versions/A/Libraries/libCGInterfaces.dylib
0x000000000a243000 	/System/Library/PrivateFrameworks/FamilyControls.framework/Versions/A/FamilyControls
0x000000000a243000 	/System/Library/PrivateFrameworks/CommerceKit.framework/Versions/A/Frameworks/CommerceCore.framework/Versions/A/CommerceCore
0x000000000a243000 	/System/Library/PrivateFrameworks/SystemAdministration.framework/Versions/A/SystemAdministration
0x000000000a243000 	/System/Library/PrivateFrameworks/AppContainer.framework/Versions/A/AppContainer
0x000000000a243000 	/System/Library/PrivateFrameworks/SecCodeWrapper.framework/Versions/A/SecCodeWrapper
0x000000000a243000 	/System/Library/Frameworks/DirectoryService.framework/Versions/A/DirectoryService
0x000000000a243000 	/System/Library/PrivateFrameworks/LoginUIKit.framework/Versions/A/Frameworks/LoginUICore.framework/Versions/A/LoginUICore
0x000000000a243000 	/usr/lib/libodfde.dylib
0x000000012110c000 	/Library/Java/JavaVirtualMachines/jdk1.8.0_05.jdk/Contents/Home/jre/lib/libjavafx_font.dylib
0x000000000a243000 	/System/Library/Frameworks/CoreGraphics.framework/Versions/A/Resources/libCGXType.A.dylib
0x000000012486f000 	cl_kernels
0x000000000a243000 	/System/Library/Frameworks/OpenCL.framework/Versions/A/Libraries/ImageFormats/unorm8_bgra.dylib
0x000000000a243000 	/System/Library/Frameworks/OpenCL.framework/Versions/A/Libraries/ImageFormats/unorm8_rgba.dylib
0x000000011ec52000 	/Library/Java/JavaVirtualMachines/jdk1.8.0_05.jdk/Contents/Home/jre/lib/libprism_common.dylib
0x0000000124d0e000 	/System/Library/Extensions/AppleIntelHD4000GraphicsMTLDriver.bundle/Contents/MacOS/AppleIntelHD4000GraphicsMTLDriver

VM Arguments:
jvm_args: -Didea.launcher.port=7533 -Didea.launcher.bin.path=/Applications/IntelliJ IDEA CE.app/Contents/bin -Dfile.encoding=UTF-8 
java_command: com.intellij.rt.execution.application.AppMain chai.ChessClient
java_class_path (initial): /Users/kdonahoe/cs76/provided_chess/bin:/Library/Java/JavaVirtualMachines/jdk1.8.0_05.jdk/Contents/Home/jre/lib/charsets.jar:/Library/Java/JavaVirtualMachines/jdk1.8.0_05.jdk/Contents/Home/jre/lib/deploy.jar:/Library/Java/JavaVirtualMachines/jdk1.8.0_05.jdk/Contents/Home/jre/lib/ext/cldrdata.jar:/Library/Java/JavaVirtualMachines/jdk1.8.0_05.jdk/Contents/Home/jre/lib/ext/dnsns.jar:/Library/Java/JavaVirtualMachines/jdk1.8.0_05.jdk/Contents/Home/jre/lib/ext/jfxrt.jar:/Library/Java/JavaVirtualMachines/jdk1.8.0_05.jdk/Contents/Home/jre/lib/ext/localedata.jar:/Library/Java/JavaVirtualMachines/jdk1.8.0_05.jdk/Contents/Home/jre/lib/ext/nashorn.jar:/Library/Java/JavaVirtualMachines/jdk1.8.0_05.jdk/Contents/Home/jre/lib/ext/sunec.jar:/Library/Java/JavaVirtualMachines/jdk1.8.0_05.jdk/Contents/Home/jre/lib/ext/sunjce_provider.jar:/Library/Java/JavaVirtualMachines/jdk1.8.0_05.jdk/Contents/Home/jre/lib/ext/sunpkcs11.jar:/Library/Java/JavaVirtualMachines/jdk1.8.0_05.jdk/Contents/Home/jre/lib/ext/zipfs.jar:/Library/Java/JavaVirtualMachines/jdk1.8.0_05.jdk/Contents/Home/jre/lib/htmlconverter.jar:/Library/Java/JavaVirtualMachines/jdk1.8.0_05.jdk/Contents/Home/jre/lib/javaws.jar:/Library/Java/JavaVirtualMachines/jdk1.8.0_05.jdk/Contents/Home/jre/lib/jce.jar:/Library/Java/JavaVirtualMachines/jdk1.8.0_05.jdk/Contents/Home/jre/lib/jfr.jar:/Library/Java/JavaVirtualMachines/jdk1.8.0_05.jdk/Contents/Home/jre/lib/jfxswt.jar:/Library/Java/JavaVirtualMachines/jdk1.8.0_05.jdk/Contents/Home/jre/lib/jsse.jar:/Library/Java/JavaVirtualMachines/jdk1.8.0_05.jdk/Contents/Home/jre/lib/management-agent.jar:/Library/Java/JavaVirtualMachines/jdk1.8.0_05.jdk/Contents/Home/jre/lib/plugin.jar:/Library/Java/JavaVirtualMachines/jdk1.8.0_05.jdk/Contents/Home/jre/lib/resources.jar:/Library/Java/JavaVirtualMachines/jdk1.8.0_05.jdk/Contents/Home/jre/lib/rt.jar:/Library/Java/JavaVirtualMachines/jdk1.8.0_05.jdk/Contents/Home/lib/ant-javafx.jar:/Library/Java/JavaVirtualMachines/jdk1.8.0_0
Launcher Type: SUN_STANDARD

Environment Variables:
PATH=/Users/kdonahoe/anaconda/bin:/usr/local/heroku/bin:/opt/local/bin:/opt/local/sbin:/usr/bin:/bin:/usr/sbin:/sbin:/usr/local/bin:/Library/TeX/texbin
SHELL=/bin/bash

Signal Handlers:
SIGSEGV: [libjvm.dylib+0x55f7df], sa_mask[0]=0xfffefeff, sa_flags=0x00000043
SIGBUS: [libjvm.dylib+0x55f7df], sa_mask[0]=0xfffefeff, sa_flags=0x00000042
SIGFPE: [libjvm.dylib+0x442cfa], sa_mask[0]=0xfffefeff, sa_flags=0x00000042
SIGPIPE: [libjvm.dylib+0x442cfa], sa_mask[0]=0xfffefeff, sa_flags=0x00000042
SIGXFSZ: [libjvm.dylib+0x442cfa], sa_mask[0]=0xfffefeff, sa_flags=0x00000042
SIGILL: [libjvm.dylib+0x442cfa], sa_mask[0]=0xfffefeff, sa_flags=0x00000042
SIGUSR1: SIG_DFL, sa_mask[0]=0x00000000, sa_flags=0x00000000
SIGUSR2: [libjvm.dylib+0x442818], sa_mask[0]=0x00000004, sa_flags=0x00000042
SIGHUP: [libjvm.dylib+0x440ba5], sa_mask[0]=0xfffefeff, sa_flags=0x00000042
SIGINT: [libjvm.dylib+0x440ba5], sa_mask[0]=0xfffefeff, sa_flags=0x00000042
SIGTERM: [libjvm.dylib+0x440ba5], sa_mask[0]=0xfffefeff, sa_flags=0x00000042
SIGQUIT: [libjvm.dylib+0x440ba5], sa_mask[0]=0xfffefeff, sa_flags=0x00000042


---------------  S Y S T E M  ---------------

OS:Bsduname:Darwin 15.5.0 Darwin Kernel Version 15.5.0: Tue Apr 19 18:36:36 PDT 2016; root:xnu-3248.50.21~8/RELEASE_X86_64 x86_64
rlimit: STACK 8192k, CORE 0k, NPROC 709, NOFILE 10240, AS infinity
load average:6.48 4.59 4.52

CPU:total 4 (2 cores per cpu, 2 threads per core) family 6 model 58 stepping 9, cmov, cx8, fxsr, mmx, sse, sse2, sse3, ssse3, sse4.1, sse4.2, popcnt, avx, aes, clmul, erms, ht, tsc, tscinvbit

Memory: 4k page, physical 4194304k(51300k free)

/proc/meminfo:


vm_info: Java HotSpot(TM) 64-Bit Server VM (25.5-b02) for bsd-amd64 JRE (1.8.0_05-b13), built on Mar 18 2014 00:36:13 by "java_re" with gcc 4.2.1 (Based on Apple Inc. build 5658) (LLVM build 2336.11.00)

time: Mon Oct 17 17:51:22 2016
elapsed time: 40 seconds

